/usr/local/rvm/rubies/ruby-2.1.2/bin/ruby extconf.rb 
checking for main() in -lpthread... yes
creating Makefile

make "DESTDIR=" clean

make "DESTDIR="
compiling date.cc
compiling accessor.cc
compiling string.cc
compiling init.cc
compiling signature.cc
compiling value.cc
compiling constraints.cc
compiling stack.cc
compiling gc.cc
compiling script.cc
compiling v8.cc
compiling rr.cc
compiling function.cc
compiling locker.cc
compiling backref.cc
compiling primitive.cc
compiling exception.cc
compiling object.cc
compiling external.cc
compiling trycatch.cc
compiling heap.cc
compiling array.cc
compiling constants.cc
compiling template.cc
compiling message.cc
compiling handles.cc
compiling invocation.cc
compiling context.cc
linking shared-object v8/init.so

make "DESTDIR=" install
/usr/bin/install -m 0755 init.so ./.gem.20141006-2886-4vy0az/v8
installing default init libraries
